<?xml version="1.0" encoding="UTF-8"?><testsuite errors="1" failures="0" name="Buy book" skipped="0" tests="1" time="58.03" timestamp="2023-08-26 07:57:48"><testcase name="Purchase Successfully"><error message="no such element: Unable to locate element: {&quot;method&quot;:&quot;css selector&quot;,&quot;selector&quot;:&quot;.mr\-2&quot;}&#10;  (Session info: chrome=115.0.5790.171)&#10;For documentation on this error, please visit: https://www.seleniumhq.org/exceptions/no_such_element.html&#10;Build info: version: '3.141.59', revision: 'e82be7d358', time: '2018-11-14T08:17:03'&#10;System info: host: 'DESKTOP-CBCTA9F', ip: '192.168.0.186', os.name: 'Windows 10', os.arch: 'amd64', os.version: '10.0', java.version: '11.0.20'&#10;Driver info: org.openqa.selenium.chrome.ChromeDriver&#10;Capabilities {acceptInsecureCerts: false, browserName: chrome, browserVersion: 115.0.5790.171, chrome: {chromedriverVersion: 115.0.5790.170 (cc0d30c2ca5..., userDataDir: C:\Users\Windows\AppData\Lo...}, goog:chromeOptions: {debuggerAddress: localhost:54295}, javascriptEnabled: true, networkConnectionEnabled: false, pageLoadStrategy: normal, platform: WINDOWS, platformName: WINDOWS, proxy: Proxy(), setWindowRect: true, strictFileInteractability: false, timeouts: {implicit: 0, pageLoad: 300000, script: 30000}, unhandledPromptBehavior: dismiss and notify, webauthn:extension:credBlob: true, webauthn:extension:largeBlob: true, webauthn:extension:minPinLength: true, webauthn:extension:prf: true, webauthn:virtualAuthenticators: true}&#10;Session ID: 236c22b7d3a3a8ffe9644651e1e3d9ac&#10;*** Element info: {Using=class name, value=mr-2}" type="org.openqa.selenium.NoSuchElementException">no such element: Unable to locate element: {"method":"css selector","selector":".mr\-2"}
  (Session info: chrome=115.0.5790.171)
For documentation on this error, please visit: https://www.seleniumhq.org/exceptions/no_such_element.html
Build info: version: '3.141.59', revision: 'e82be7d358', time: '2018-11-14T08:17:03'
System info: host: 'DESKTOP-CBCTA9F', ip: '192.168.0.186', os.name: 'Windows 10', os.arch: 'amd64', os.version: '10.0', java.version: '11.0.20'
Driver info: org.openqa.selenium.chrome.ChromeDriver
Capabilities {acceptInsecureCerts: false, browserName: chrome, browserVersion: 115.0.5790.171, chrome: {chromedriverVersion: 115.0.5790.170 (cc0d30c2ca5..., userDataDir: C:\Users\Windows\AppData\Lo...}, goog:chromeOptions: {debuggerAddress: localhost:54295}, javascriptEnabled: true, networkConnectionEnabled: false, pageLoadStrategy: normal, platform: WINDOWS, platformName: WINDOWS, proxy: Proxy(), setWindowRect: true, strictFileInteractability: false, timeouts: {implicit: 0, pageLoad: 300000, script: 30000}, unhandledPromptBehavior: dismiss and notify, webauthn:extension:credBlob: true, webauthn:extension:largeBlob: true, webauthn:extension:minPinLength: true, webauthn:extension:prf: true, webauthn:virtualAuthenticators: true}
Session ID: 236c22b7d3a3a8ffe9644651e1e3d9ac
*** Element info: {Using=class name, value=mr-2}</error><system-err>no such element: Unable to locate element: {"method":"css selector","selector":".mr\-2"}
  (Session info: chrome=115.0.5790.171)
For documentation on this error, please visit: https://www.seleniumhq.org/exceptions/no_such_element.html
Build info: version: '3.141.59', revision: 'e82be7d358', time: '2018-11-14T08:17:03'
System info: host: 'DESKTOP-CBCTA9F', ip: '192.168.0.186', os.name: 'Windows 10', os.arch: 'amd64', os.version: '10.0', java.version: '11.0.20'
Driver info: org.openqa.selenium.chrome.ChromeDriver
Capabilities {acceptInsecureCerts: false, browserName: chrome, browserVersion: 115.0.5790.171, chrome: {chromedriverVersion: 115.0.5790.170 (cc0d30c2ca5..., userDataDir: C:\Users\Windows\AppData\Lo...}, goog:chromeOptions: {debuggerAddress: localhost:54295}, javascriptEnabled: true, networkConnectionEnabled: false, pageLoadStrategy: normal, platform: WINDOWS, platformName: WINDOWS, proxy: Proxy(), setWindowRect: true, strictFileInteractability: false, timeouts: {implicit: 0, pageLoad: 300000, script: 30000}, unhandledPromptBehavior: dismiss and notify, webauthn:extension:credBlob: true, webauthn:extension:largeBlob: true, webauthn:extension:minPinLength: true, webauthn:extension:prf: true, webauthn:virtualAuthenticators: true}
Session ID: 236c22b7d3a3a8ffe9644651e1e3d9ac
*** Element info: {Using=class name, value=mr-2}&#13;
com.saucedemo.testing.tasks.ValidatePurchaseTask.performAs(ValidatePurchaseTask.java:43)&#13;
com.saucedemo.testing.stepdefinitions.PurchaseItemStepDefinition.iCompleteTheFields(PurchaseItemStepDefinition.java:64)&#13;
cucumber.runner.Runner.runPickle(Runner.java:80)&#13;
</system-err></testcase></testsuite>